#-----------------------------------------------------------
# Vivado v2018.3 (64-bit)
# SW Build 2405991 on Thu Dec  6 23:38:27 MST 2018
# IP Build 2404404 on Fri Dec  7 01:43:56 MST 2018
# Start of session at: Sat Feb 23 15:31:36 2019
# Process ID: 10068
# Current directory: C:/Users/mcagr/lab_1.1
# Command line: vivado.exe -gui_launcher_event rodinguilauncherevent6688 C:\Users\mcagr\lab_1.1\lab_1.1.xpr
# Log file: C:/Users/mcagr/lab_1.1/vivado.log
# Journal file: C:/Users/mcagr/lab_1.1\vivado.jou
#-----------------------------------------------------------
start_gui
open_project C:/Users/mcagr/lab_1.1/lab_1.1.xpr
CRITICAL WARNING: [Project 1-19] Could not find the file 'C:/Users/mcagr/Desktop/lab1_template/ascii_rom.vhd'.
CRITICAL WARNING: [Project 1-19] Could not find the file 'C:/Users/mcagr/Desktop/lab1_template/bcd_ascii.vhd'.
CRITICAL WARNING: [Project 1-19] Could not find the file 'C:/Users/mcagr/Desktop/lab1_template/debounce.vhd'.
CRITICAL WARNING: [Project 1-19] Could not find the file 'C:/Users/mcagr/Desktop/lab1_template/delay.vhd'.
CRITICAL WARNING: [Project 1-19] Could not find the file 'C:/Users/mcagr/Desktop/lab1_template/oled_drive.vhd'.
CRITICAL WARNING: [Project 1-19] Could not find the file 'C:/Users/mcagr/Desktop/lab1_template/oled_init.vhd'.
CRITICAL WARNING: [Project 1-19] Could not find the file 'C:/Users/mcagr/Desktop/lab1_template/spi_ctrl.vhd'.
CRITICAL WARNING: [Project 1-19] Could not find the file 'C:/Users/mcagr/Desktop/lab1_template/mod_mul_with_oled.vhd'.
CRITICAL WARNING: [Project 1-19] Could not find the file 'C:/Users/mcagr/Desktop/lab1_template/constraints.xdc'.
Scanning sources...
Finished scanning sources
INFO: [IP_Flow 19-234] Refreshing IP repositories
INFO: [IP_Flow 19-1704] No user IP repositories specified
INFO: [IP_Flow 19-2313] Loaded Vivado IP repository 'D:/Xilinx/Vivado/2018.3/data/ip'.
open_project: Time (s): cpu = 00:00:27 ; elapsed = 00:00:13 . Memory (MB): peak = 677.828 ; gain = 92.129
update_compile_order -fileset sources_1
update_compile_order -fileset sources_1
add_files -norecurse {C:/Users/mcagr/lab_1.1/lab1_template/delay.vhd C:/Users/mcagr/lab_1.1/lab1_template/bcd_ascii.vhd C:/Users/mcagr/lab_1.1/lab1_template/debounce.vhd C:/Users/mcagr/lab_1.1/lab1_template/mod_mul_with_oled.vhd C:/Users/mcagr/lab_1.1/lab1_template/oled_init.vhd C:/Users/mcagr/lab_1.1/lab1_template/ascii_rom.vhd C:/Users/mcagr/lab_1.1/lab1_template/oled_drive.vhd C:/Users/mcagr/lab_1.1/lab1_template/spi_ctrl.vhd}
update_compile_order -fileset sources_1
update_compile_order -fileset sources_1
export_ip_user_files -of_objects  [get_files C:/Users/mcagr/lab_1.1/lab_1.1.srcs/sources_1/new/ModMul.vhd] -no_script -reset -force -quiet
export_ip_user_files -of_objects  [get_files C:/Users/mcagr/lab_1.1/lab_1.1.srcs/sources_1/new/MonPro.vhd] -no_script -reset -force -quiet
export_ip_user_files -of_objects  [get_files C:/Users/mcagr/Desktop/lab1_template/ascii_rom.vhd] -no_script -reset -force -quiet
export_ip_user_files -of_objects  [get_files C:/Users/mcagr/Desktop/lab1_template/bcd_ascii.vhd] -no_script -reset -force -quiet
export_ip_user_files -of_objects  [get_files C:/Users/mcagr/Desktop/lab1_template/debounce.vhd] -no_script -reset -force -quiet
export_ip_user_files -of_objects  [get_files C:/Users/mcagr/Desktop/lab1_template/delay.vhd] -no_script -reset -force -quiet
export_ip_user_files -of_objects  [get_files C:/Users/mcagr/Desktop/lab1_template/mod_mul_with_oled.vhd] -no_script -reset -force -quiet
export_ip_user_files -of_objects  [get_files C:/Users/mcagr/Desktop/lab1_template/oled_drive.vhd] -no_script -reset -force -quiet
export_ip_user_files -of_objects  [get_files C:/Users/mcagr/Desktop/lab1_template/oled_init.vhd] -no_script -reset -force -quiet
export_ip_user_files -of_objects  [get_files C:/Users/mcagr/Desktop/lab1_template/spi_ctrl.vhd] -no_script -reset -force -quiet
remove_files  {C:/Users/mcagr/lab_1.1/lab_1.1.srcs/sources_1/new/ModMul.vhd C:/Users/mcagr/lab_1.1/lab_1.1.srcs/sources_1/new/MonPro.vhd C:/Users/mcagr/Desktop/lab1_template/ascii_rom.vhd C:/Users/mcagr/Desktop/lab1_template/bcd_ascii.vhd C:/Users/mcagr/Desktop/lab1_template/debounce.vhd C:/Users/mcagr/Desktop/lab1_template/delay.vhd C:/Users/mcagr/Desktop/lab1_template/mod_mul_with_oled.vhd C:/Users/mcagr/Desktop/lab1_template/oled_drive.vhd C:/Users/mcagr/Desktop/lab1_template/oled_init.vhd C:/Users/mcagr/Desktop/lab1_template/spi_ctrl.vhd}
remove_files  {C:/Users/mcagr/lab_1.1/lab_1.1.srcs/sources_1/new/ModMul.vhd C:/Users/mcagr/lab_1.1/lab_1.1.srcs/sources_1/new/MonPro.vhd C:/Users/mcagr/Desktop/lab1_template/ascii_rom.vhd C:/Users/mcagr/Desktop/lab1_template/bcd_ascii.vhd C:/Users/mcagr/Desktop/lab1_template/debounce.vhd C:/Users/mcagr/Desktop/lab1_template/delay.vhd C:/Users/mcagr/Desktop/lab1_template/mod_mul_with_oled.vhd C:/Users/mcagr/Desktop/lab1_template/oled_drive.vhd C:/Users/mcagr/Desktop/lab1_template/oled_init.vhd C:/Users/mcagr/Desktop/lab1_template/spi_ctrl.vhd}
WARNING: [Vivado 12-818] No files matched 'C:/Users/mcagr/lab_1.1/lab_1.1.srcs/sources_1/new/ModMul.vhd'
WARNING: [Vivado 12-818] No files matched 'C:/Users/mcagr/lab_1.1/lab_1.1.srcs/sources_1/new/MonPro.vhd'
WARNING: [Vivado 12-818] No files matched 'C:/Users/mcagr/Desktop/lab1_template/ascii_rom.vhd'
WARNING: [Vivado 12-818] No files matched 'C:/Users/mcagr/Desktop/lab1_template/bcd_ascii.vhd'
WARNING: [Vivado 12-818] No files matched 'C:/Users/mcagr/Desktop/lab1_template/debounce.vhd'
WARNING: [Vivado 12-818] No files matched 'C:/Users/mcagr/Desktop/lab1_template/delay.vhd'
WARNING: [Vivado 12-818] No files matched 'C:/Users/mcagr/Desktop/lab1_template/mod_mul_with_oled.vhd'
WARNING: [Vivado 12-818] No files matched 'C:/Users/mcagr/Desktop/lab1_template/oled_drive.vhd'
WARNING: [Vivado 12-818] No files matched 'C:/Users/mcagr/Desktop/lab1_template/oled_init.vhd'
WARNING: [Vivado 12-818] No files matched 'C:/Users/mcagr/Desktop/lab1_template/spi_ctrl.vhd'
add_files -norecurse {C:/Users/mcagr/lab_1.1/lab1_template/lab_1.1.srcs/sources_1/new/ModMul.vhd C:/Users/mcagr/lab_1.1/lab1_template/lab_1.1.srcs/sources_1/new/MonPro.vhd}
update_compile_order -fileset sources_1
reset_run synth_1
launch_runs synth_1 -jobs 2
[Sat Feb 23 15:38:34 2019] Launched synth_1...
Run output will be captured here: C:/Users/mcagr/lab_1.1/lab_1.1.runs/synth_1/runme.log
launch_runs impl_1 -jobs 2
[Sat Feb 23 15:41:24 2019] Launched impl_1...
Run output will be captured here: C:/Users/mcagr/lab_1.1/lab_1.1.runs/impl_1/runme.log
launch_runs impl_1 -to_step write_bitstream -jobs 2
[Sat Feb 23 15:44:08 2019] Launched impl_1...
Run output will be captured here: C:/Users/mcagr/lab_1.1/lab_1.1.runs/impl_1/runme.log
reset_run impl_1 -prev_step 
launch_runs impl_1 -to_step write_bitstream -jobs 4
[Sat Feb 23 15:56:29 2019] Launched impl_1...
Run output will be captured here: C:/Users/mcagr/lab_1.1/lab_1.1.runs/impl_1/runme.log
reset_run synth_1
launch_runs impl_1 -to_step write_bitstream -jobs 4
[Sat Feb 23 16:02:02 2019] Launched synth_1...
Run output will be captured here: C:/Users/mcagr/lab_1.1/lab_1.1.runs/synth_1/runme.log
[Sat Feb 23 16:02:02 2019] Launched impl_1...
Run output will be captured here: C:/Users/mcagr/lab_1.1/lab_1.1.runs/impl_1/runme.log
launch_simulation
INFO: [Vivado 12-5682] Launching behavioral simulation in 'C:/Users/mcagr/lab_1.1/lab_1.1.sim/sim_1/behav/xsim'
INFO: [SIM-utils-51] Simulation object is 'sim_1'
INFO: [SIM-utils-54] Inspecting design source files for 'mod_mul_with_oled' in fileset 'sim_1'...
INFO: [USF-XSim-97] Finding global include files...
INFO: [USF-XSim-98] Fetching design files from 'sim_1'...
INFO: [USF-XSim-2] XSim::Compile design
INFO: [USF-XSim-61] Executing 'COMPILE and ANALYZE' step in 'C:/Users/mcagr/lab_1.1/lab_1.1.sim/sim_1/behav/xsim'
"xvhdl --incr --relax -prj mod_mul_with_oled_vhdl.prj"
INFO: [VRFC 10-163] Analyzing VHDL file "C:/Users/mcagr/lab_1.1/lab1_template/lab_1.1.srcs/sources_1/new/ModMul.vhd" into library xil_defaultlib
INFO: [VRFC 10-3107] analyzing entity 'ModMul'
INFO: [VRFC 10-163] Analyzing VHDL file "C:/Users/mcagr/lab_1.1/lab1_template/lab_1.1.srcs/sources_1/new/MonPro.vhd" into library xil_defaultlib
INFO: [VRFC 10-3107] analyzing entity 'MonPro'
INFO: [VRFC 10-163] Analyzing VHDL file "C:/Users/mcagr/lab_1.1/lab1_template/ascii_rom.vhd" into library xil_defaultlib
INFO: [VRFC 10-3107] analyzing entity 'ascii_rom'
INFO: [VRFC 10-163] Analyzing VHDL file "C:/Users/mcagr/lab_1.1/lab1_template/bcd_ascii.vhd" into library xil_defaultlib
INFO: [VRFC 10-3107] analyzing entity 'bcd_ascii'
INFO: [VRFC 10-163] Analyzing VHDL file "C:/Users/mcagr/lab_1.1/lab1_template/debounce.vhd" into library xil_defaultlib
INFO: [VRFC 10-3107] analyzing entity 'debounce'
INFO: [VRFC 10-163] Analyzing VHDL file "C:/Users/mcagr/lab_1.1/lab1_template/delay.vhd" into library xil_defaultlib
INFO: [VRFC 10-3107] analyzing entity 'delay'
INFO: [VRFC 10-163] Analyzing VHDL file "C:/Users/mcagr/lab_1.1/lab1_template/oled_drive.vhd" into library xil_defaultlib
INFO: [VRFC 10-3107] analyzing entity 'oled_drive'
INFO: [VRFC 10-163] Analyzing VHDL file "C:/Users/mcagr/lab_1.1/lab1_template/oled_init.vhd" into library xil_defaultlib
INFO: [VRFC 10-3107] analyzing entity 'oled_init'
INFO: [VRFC 10-163] Analyzing VHDL file "C:/Users/mcagr/lab_1.1/lab1_template/spi_ctrl.vhd" into library xil_defaultlib
INFO: [VRFC 10-3107] analyzing entity 'spi_ctrl'
INFO: [VRFC 10-163] Analyzing VHDL file "C:/Users/mcagr/lab_1.1/lab1_template/mod_mul_with_oled.vhd" into library xil_defaultlib
INFO: [VRFC 10-3107] analyzing entity 'mod_mul_with_oled'
run_program: Time (s): cpu = 00:00:00 ; elapsed = 00:00:06 . Memory (MB): peak = 1736.402 ; gain = 0.000
INFO: [USF-XSim-69] 'compile' step finished in '5' seconds
INFO: [USF-XSim-3] XSim::Elaborate design
INFO: [USF-XSim-61] Executing 'ELABORATE' step in 'C:/Users/mcagr/lab_1.1/lab_1.1.sim/sim_1/behav/xsim'
Vivado Simulator 2018.3
Copyright 1986-1999, 2001-2018 Xilinx, Inc. All Rights Reserved.
Running: D:/Xilinx/Vivado/2018.3/bin/unwrapped/win64.o/xelab.exe -wto 7aaea592eb6b4e609c06414a9d5b3088 --incr --debug typical --relax --mt 2 -L xil_defaultlib -L secureip --snapshot mod_mul_with_oled_behav xil_defaultlib.mod_mul_with_oled -log elaborate.log 
Using 2 slave threads.
Starting static elaboration
Completed static elaboration
Starting simulation data flow analysis
Completed simulation data flow analysis
Time Resolution for simulation is 1ps
Compiling package std.standard
Compiling package std.textio
Compiling package ieee.std_logic_1164
Compiling package ieee.std_logic_arith
Compiling package ieee.std_logic_unsigned
Compiling package ieee.numeric_std
Compiling architecture behavioral of entity xil_defaultlib.MonPro [monpro_default]
Compiling architecture behavioral of entity xil_defaultlib.ModMul [modmul_default]
Compiling architecture logic of entity xil_defaultlib.debounce [debounce_default]
Compiling architecture behavioral of entity xil_defaultlib.spi_ctrl [spi_ctrl_default]
Compiling architecture behavioral of entity xil_defaultlib.delay [delay_default]
Compiling architecture behavioral of entity xil_defaultlib.oled_init [oled_init_default]
Compiling architecture behavioral of entity xil_defaultlib.bcd_ascii [bcd_ascii_default]
Compiling architecture behavioral of entity xil_defaultlib.ascii_rom [ascii_rom_default]
Compiling architecture behavioral of entity xil_defaultlib.oled_drive [oled_drive_default]
Compiling architecture behavioral of entity xil_defaultlib.mod_mul_with_oled
Built simulation snapshot mod_mul_with_oled_behav

****** Webtalk v2018.3 (64-bit)
  **** SW Build 2405991 on Thu Dec  6 23:38:27 MST 2018
  **** IP Build 2404404 on Fri Dec  7 01:43:56 MST 2018
    ** Copyright 1986-2018 Xilinx, Inc. All Rights Reserved.

source C:/Users/mcagr/lab_1.1/lab_1.1.sim/sim_1/behav/xsim/xsim.dir/mod_mul_with_oled_behav/webtalk/xsim_webtalk.tcl -notrace
INFO: [Common 17-186] 'C:/Users/mcagr/lab_1.1/lab_1.1.sim/sim_1/behav/xsim/xsim.dir/mod_mul_with_oled_behav/webtalk/usage_statistics_ext_xsim.xml' has been successfully sent to Xilinx on Sat Feb 23 16:07:02 2019. For additional details about this file, please refer to the WebTalk help file at D:/Xilinx/Vivado/2018.3/doc/webtalk_introduction.html.
INFO: [Common 17-206] Exiting Webtalk at Sat Feb 23 16:07:02 2019...
run_program: Time (s): cpu = 00:00:01 ; elapsed = 00:00:17 . Memory (MB): peak = 1736.402 ; gain = 0.000
INFO: [USF-XSim-69] 'elaborate' step finished in '18' seconds
INFO: [USF-XSim-4] XSim::Simulate design
INFO: [USF-XSim-61] Executing 'SIMULATE' step in 'C:/Users/mcagr/lab_1.1/lab_1.1.sim/sim_1/behav/xsim'
INFO: [USF-XSim-98] *** Running xsim
   with args "mod_mul_with_oled_behav -key {Behavioral:sim_1:Functional:mod_mul_with_oled} -tclbatch {mod_mul_with_oled.tcl} -log {simulate.log}"
INFO: [USF-XSim-8] Loading simulator feature
Vivado Simulator 2018.3
Time resolution is 1 ps
source mod_mul_with_oled.tcl
# set curr_wave [current_wave_config]
# if { [string length $curr_wave] == 0 } {
#   if { [llength [get_objects]] > 0} {
#     add_wave /
#     set_property needs_save false [current_wave_config]
#   } else {
#      send_msg_id Add_Wave-1 WARNING "No top level signals found. Simulator will start without a wave window. If you want to open a wave window go to 'File->New Waveform Configuration' or type 'create_wave_config' in the TCL console."
#   }
# }
# run 1000ns
INFO: [USF-XSim-96] XSim completed. Design snapshot 'mod_mul_with_oled_behav' loaded.
INFO: [USF-XSim-97] XSim simulation ran for 1000ns
launch_simulation: Time (s): cpu = 00:00:09 ; elapsed = 00:00:29 . Memory (MB): peak = 1775.270 ; gain = 38.977
close_sim
INFO: [Simtcl 6-16] Simulation closed
close_sim: Time (s): cpu = 00:00:03 ; elapsed = 00:00:09 . Memory (MB): peak = 1779.109 ; gain = 0.000
exit
INFO: [Common 17-206] Exiting Vivado at Sat Feb 23 16:22:24 2019...
